d:\git\c-responsitory\rfproject\debug\rfproject.bsc
d:\git\c-responsitory\rfproject\rfproject\debug\rfproject.pch
d:\git\c-responsitory\rfproject\rfproject\debug\vc140.pdb
d:\git\c-responsitory\rfproject\rfproject\debug\vc140.idb
d:\git\c-responsitory\rfproject\rfproject\debug\stdafx.sbr
d:\git\c-responsitory\rfproject\rfproject\debug\stdafx.obj
d:\git\c-responsitory\rfproject\rfproject\debug\wlan_virtual_port.sbr
d:\git\c-responsitory\rfproject\rfproject\debug\rfproject.sbr
d:\git\c-responsitory\rfproject\rfproject\debug\rf_cmdutil.sbr
d:\git\c-responsitory\rfproject\rfproject\debug\rf_dpd.sbr
d:\git\c-responsitory\rfproject\rfproject\debug\rf_controlmediator.sbr
d:\git\c-responsitory\rfproject\rfproject\debug\wlan_cmd_callback.sbr
d:\git\c-responsitory\rfproject\rfproject\debug\wlan_virtual_rt_mode_board.sbr
d:\git\c-responsitory\rfproject\rfproject\debug\wlan_virtual_relay_mode_board.sbr
d:\git\c-responsitory\rfproject\rfproject\debug\wlan_virtual_ap_mode_board.sbr
d:\git\c-responsitory\rfproject\rfproject\debug\wlan_manager.sbr
d:\git\c-responsitory\rfproject\rfproject\debug\rf_controlmediator_diff_rtn310.sbr
d:\git\c-responsitory\rfproject\rfproject\debug\rf_controlmediator_diff_rtn310.obj
d:\git\c-responsitory\rfproject\rfproject\debug\wlan_manager.obj
d:\git\c-responsitory\rfproject\rfproject\debug\wlan_virtual_ap_mode_board.obj
d:\git\c-responsitory\rfproject\rfproject\debug\wlan_virtual_relay_mode_board.obj
d:\git\c-responsitory\rfproject\rfproject\debug\wlan_virtual_rt_mode_board.obj
d:\git\c-responsitory\rfproject\rfproject\debug\wlan_cmd_callback.obj
d:\git\c-responsitory\rfproject\rfproject\debug\rf_controlmediator.obj
d:\git\c-responsitory\rfproject\rfproject\debug\rf_dpd.obj
d:\git\c-responsitory\rfproject\rfproject\debug\rf_cmdutil.obj
d:\git\c-responsitory\rfproject\rfproject\debug\rfproject.obj
d:\git\c-responsitory\rfproject\rfproject\debug\wlan_virtual_port.obj
d:\git\c-responsitory\rfproject\debug\rfproject.ilk
d:\git\c-responsitory\rfproject\debug\rfproject.exe
d:\git\c-responsitory\rfproject\debug\rfproject.pdb
d:\git\c-responsitory\rfproject\rfproject\debug\rfproject.res
d:\git\c-responsitory\rfproject\rfproject\debug\rfproject.tlog\bscmake.command.1.tlog
d:\git\c-responsitory\rfproject\rfproject\debug\rfproject.tlog\bscmake.read.1.tlog
d:\git\c-responsitory\rfproject\rfproject\debug\rfproject.tlog\bscmake.write.1.tlog
d:\git\c-responsitory\rfproject\rfproject\debug\rfproject.tlog\cl.command.1.tlog
d:\git\c-responsitory\rfproject\rfproject\debug\rfproject.tlog\cl.read.1.tlog
d:\git\c-responsitory\rfproject\rfproject\debug\rfproject.tlog\cl.write.1.tlog
d:\git\c-responsitory\rfproject\rfproject\debug\rfproject.tlog\link.command.1.tlog
d:\git\c-responsitory\rfproject\rfproject\debug\rfproject.tlog\link.read.1.tlog
d:\git\c-responsitory\rfproject\rfproject\debug\rfproject.tlog\link.write.1.tlog
d:\git\c-responsitory\rfproject\rfproject\debug\rfproject.tlog\rc.command.1.tlog
d:\git\c-responsitory\rfproject\rfproject\debug\rfproject.tlog\rc.read.1.tlog
d:\git\c-responsitory\rfproject\rfproject\debug\rfproject.tlog\rc.write.1.tlog
